<?xml version="1.0" encoding="UTF-8"?>
<!-- Generated by org.testng.reporters.JUnitReportReporter -->
<testsuite hostname="COMTEC" failures="0" tests="2" name="com.qa.test.DemoTest" time="0.045" errors="0" timestamp="4 Apr 2021 05:48:16 GMT">
  <testcase classname="com.qa.test.DemoTest" name="sum" time="0.005"/>
  <testcase classname="com.qa.test.DemoTest" name="Mul" time="0.040"/>
</testsuite> <!-- com.qa.test.DemoTest -->
