<?xml version="1.0" encoding="UTF-8"?>
<!-- Generated by org.testng.reporters.JUnitReportReporter -->
<testsuite hostname="COMTEC" failures="0" tests="3" name="com.crm.qa.testcase.LoginPageTest" time="38.277" errors="0" timestamp="2021-04-19T13:02:31 IST" skipped="0">
  <testcase classname="com.crm.qa.testcase.LoginPageTest" name="loginPageTitleTest" time="9.365"/>
  <system-out/>
  <testcase classname="com.crm.qa.testcase.LoginPageTest" name="crmLogoImageTest" time="9.885"/>
  <system-out/>
  <testcase classname="com.crm.qa.testcase.LoginPageTest" name="loginTest" time="19.027"/>
  <system-out/>
</testsuite> <!-- com.crm.qa.testcase.LoginPageTest -->
