<?xml version="1.0" encoding="UTF-8"?>
<!-- Generated by org.testng.reporters.JUnitReportReporter -->
<testsuite hostname="COMTEC" failures="0" tests="3" name="com.crm.qa.testcase.ContactsPageTest" time="85.720" errors="0" timestamp="2021-04-19T13:02:31 IST" skipped="0">
  <testcase classname="com.crm.qa.testcase.ContactsPageTest" name="validateCreateNewContact" time="22.563"/>
  <system-out/>
  <testcase classname="com.crm.qa.testcase.ContactsPageTest" name="validateCreateNewContact" time="27.852"/>
  <system-out/>
  <testcase classname="com.crm.qa.testcase.ContactsPageTest" name="validateCreateNewContact" time="35.305"/>
  <system-out/>
</testsuite> <!-- com.crm.qa.testcase.ContactsPageTest -->
