<?xml version="1.0" encoding="UTF-8"?>
<!-- Generated by org.testng.reporters.JUnitReportReporter -->
<testsuite hostname="COMTEC" failures="0" tests="3" name="com.crm.qa.testcase.HompageTest" time="51.078" errors="0" timestamp="2021-04-19T13:02:31 IST" skipped="0">
  <testcase classname="com.crm.qa.testcase.HompageTest" name="verifyHomepageTitleTest" time="16.304"/>
  <system-out/>
  <testcase classname="com.crm.qa.testcase.HompageTest" name="verifyusernametest" time="16.513"/>
  <system-out/>
  <testcase classname="com.crm.qa.testcase.HompageTest" name="verifyContactsLinkTest" time="18.261"/>
  <system-out/>
</testsuite> <!-- com.crm.qa.testcase.HompageTest -->
