<?xml version="1.0" encoding="UTF-8"?>
<!-- Generated by org.testng.reporters.JUnitReportReporter -->
<testsuite hostname="COMTEC" failures="0" tests="2" name="com.qa.test.DemoTest" time="0.036" errors="0" timestamp="4 Apr 2021 05:54:26 GMT">
  <testcase classname="com.qa.test.DemoTest" name="sum" time="0.002"/>
  <testcase classname="com.qa.test.DemoTest" name="Mul" time="0.034"/>
</testsuite> <!-- com.qa.test.DemoTest -->
